<?xml version="1.0" encoding="UTF-8"?>
<!-- Generated by org.testng.reporters.JUnitReportReporter -->
<testsuite hostname="MBP-RAM.local" failures="0" tests="1" name="CrearAccount" time="56.964" errors="0" timestamp="2022-08-15T16:50:10 AST" skipped="0">
  <testcase classname="CrearAccount" name="sigup" time="56.964"/>
  <system-out/>
</testsuite> <!-- CrearAccount -->
